<?xml version="1.0" encoding="UTF-8"?>
<!-- Generated by org.testng.reporters.JUnitReportReporter -->
<testsuite skipped="0" hostname="UDAYANAND" name="com.freecrm.qa.testcases.HomePageTest" tests="3" failures="0" timestamp="09 Oct 2018 14:07:37 GMT" time="73.142" errors="0">
  <testcase name="validateHomePageTitle_test" time="27.255" classname="com.freecrm.qa.testcases.HomePageTest"/>
  <testcase name="verifyUserNameLabel" time="24.012" classname="com.freecrm.qa.testcases.HomePageTest"/>
  <testcase name="viewContacts_test" time="21.875" classname="com.freecrm.qa.testcases.HomePageTest"/>
</testsuite> <!-- com.freecrm.qa.testcases.HomePageTest -->
