<?xml version="1.0" encoding="UTF-8"?>
<!-- Generated by org.testng.reporters.JUnitReportReporter -->
<testsuite skipped="0" hostname="UDAYANAND" name="com.freecrm.qa.testcases.NewContactFormTest" tests="4" failures="0" timestamp="05 Oct 2018 14:52:47 GMT" time="147.627" errors="0">
  <testcase name="VerifyAddNewContact" time="29.932" classname="com.freecrm.qa.testcases.NewContactFormTest"/>
  <testcase name="VerifyAddNewContact" time="37.653" classname="com.freecrm.qa.testcases.NewContactFormTest"/>
  <testcase name="ValidateAddNewContact" time="40.610" classname="com.freecrm.qa.testcases.NewContactFormTest"/>
  <testcase name="VerifyAddNewContact" time="39.432" classname="com.freecrm.qa.testcases.NewContactFormTest"/>
</testsuite> <!-- com.freecrm.qa.testcases.NewContactFormTest -->
