<?xml version="1.0" encoding="UTF-8"?>
<!-- Generated by org.testng.reporters.JUnitReportReporter -->
<testsuite skipped="0" hostname="UDAYANAND" name="com.freecrm.qa.testcases.HomePageTest" tests="3" failures="0" timestamp="30 Sep 2018 09:00:56 GMT" time="87.615" errors="0">
  <testcase name="validateHomePageTitle_test" time="25.409" classname="com.freecrm.qa.testcases.HomePageTest"/>
  <testcase name="verifyUserNameLabel" time="34.588" classname="com.freecrm.qa.testcases.HomePageTest"/>
  <testcase name="viewContacts_test" time="27.618" classname="com.freecrm.qa.testcases.HomePageTest"/>
</testsuite> <!-- com.freecrm.qa.testcases.HomePageTest -->
