<?xml version="1.0" encoding="UTF-8"?>
<!-- Generated by org.testng.reporters.JUnitReportReporter -->
<testsuite skipped="0" hostname="UDAYANAND" name="com.freecrm.qa.testcases.NewTest1" tests="1" failures="0" timestamp="09 Oct 2018 16:32:16 GMT" time="37.524" errors="0">
  <testcase name="newTest2" time="37.524" classname="com.freecrm.qa.testcases.NewTest1"/>
</testsuite> <!-- com.freecrm.qa.testcases.NewTest1 -->
