<?xml version="1.0" encoding="UTF-8"?>
<!-- Generated by org.testng.reporters.JUnitReportReporter -->
<testsuite skipped="0" hostname="UDAYANAND" name="com.freecrm.qa.testcases.LoginPageTest" tests="3" failures="0" timestamp="30 Sep 2018 09:00:56 GMT" time="67.349" errors="0">
  <testcase name="loginTest" time="32.050" classname="com.freecrm.qa.testcases.LoginPageTest"/>
  <testcase name="logoImageTest" time="19.468" classname="com.freecrm.qa.testcases.LoginPageTest"/>
  <testcase name="loginPageTitleTest" time="15.831" classname="com.freecrm.qa.testcases.LoginPageTest"/>
</testsuite> <!-- com.freecrm.qa.testcases.LoginPageTest -->
