<?xml version="1.0" encoding="UTF-8"?>
<!-- Generated by org.testng.reporters.JUnitReportReporter -->
<testsuite skipped="0" hostname="UDAYANAND" name="com.freecrm.qa.dataloading.ParameterizedContacts" tests="1" failures="0" timestamp="09 Oct 2018 16:51:08 GMT" time="43.816" errors="0">
  <testcase name="newTest2" time="43.816" classname="com.freecrm.qa.dataloading.ParameterizedContacts"/>
</testsuite> <!-- com.freecrm.qa.dataloading.ParameterizedContacts -->
