<?xml version="1.0" encoding="UTF-8"?>
<!-- Generated by org.testng.reporters.JUnitReportReporter -->
<testsuite skipped="0" hostname="UDAYANAND" name="com.freecrm.qa.testcases.LoginPageTest" tests="3" failures="0" timestamp="30 Sep 2018 16:40:00 GMT" time="77.450" errors="0">
  <testcase name="logoImageTest" time="19.347" classname="com.freecrm.qa.testcases.LoginPageTest"/>
  <testcase name="loginPageTitleTest" time="20.607" classname="com.freecrm.qa.testcases.LoginPageTest"/>
  <testcase name="loginTest" time="37.496" classname="com.freecrm.qa.testcases.LoginPageTest"/>
</testsuite> <!-- com.freecrm.qa.testcases.LoginPageTest -->
